warning: alsa-utils-1.2.9-1 is up to date -- skipping
warning: autoconf-2.71-4 is up to date -- skipping
warning: automake-1.16.5-2 is up to date -- skipping
warning: base-3-1 is up to date -- skipping
warning: bison-3.8.2-6 is up to date -- skipping
warning: chromium-115.0.5790.90-1 is up to date -- skipping
warning: dialog-1:1.3_20230209-1 is up to date -- skipping
warning: dmidecode-3.5-1 is up to date -- skipping
warning: firefox-115.0.2-1 is up to date -- skipping
warning: flex-2.6.4-5 is up to date -- skipping
warning: fuseiso-20070708-8 is up to date -- skipping
warning: fzf-0.42.0-1 is up to date -- skipping
warning: gparted-1.5.0-1 is up to date -- skipping
warning: groff-1.23.0-2 is up to date -- skipping
warning: i3-wm-4.22-4 is up to date -- skipping
warning: intel-ucode-20230613-1 is up to date -- skipping
warning: kitty-0.28.1-2 is up to date -- skipping
warning: linux-lts-6.1.38-1 is up to date -- skipping
warning: lsof-4.98.0-1 is up to date -- skipping
warning: mpv-1:0.35.1-6 is up to date -- skipping
warning: nano-7.2-1 is up to date -- skipping
warning: pacman-contrib-1.9.1-1 is up to date -- skipping
warning: pkgconf-1.8.1-1 is up to date -- skipping
warning: qbittorrent-4.5.4-1 is up to date -- skipping
warning: stow-2.3.1-3 is up to date -- skipping
warning: ttf-fira-code-6.2-2 is up to date -- skipping
warning: unrar-1:6.2.8-1 is up to date -- skipping
warning: unzip-6.0-19 is up to date -- skipping
warning: usbutils-015-3 is up to date -- skipping
warning: wget-1.21.4-1 is up to date -- skipping
warning: wofi-1.3-2 is up to date -- skipping
warning: xdg-user-dirs-0.18-1 is up to date -- skipping
warning: xorg-xinit-1.4.2-1 is up to date -- skipping
warning: xorg-xlsclients-1.1.5-1 is up to date -- skipping
warning: zip-3.0-10 is up to date -- skipping
warning: dependency cycle detected:
warning: libcamera-ipa will be installed before its libcamera dependency
error: failed retrieving file 'udisks2-2.9.4-4-x86_64.pkg.tar.zst' from md.mirrors.hacktegic.com : Operation too slow. Less than 1 bytes/sec transferred the last 10 seconds
