[2022-02-13 04:19:01.710] [exthost] [info] Extension host with pid 2212 started
[2022-02-13 04:19:01.773] [exthost] [info] ExtensionService#_doActivateExtension ms-python.python, startup: false, activationEvent: 'onWalkthrough:pythonWelcome'
[2022-02-13 04:19:01.940] [exthost] [info] ExtensionService#_doActivateExtension vscode.debug-auto-launch, startup: true, activationEvent: '*'
[2022-02-13 04:19:01.944] [exthost] [info] ExtensionService#_doActivateExtension vscode.git-base, startup: true, activationEvent: '*', root cause: vscode.github
[2022-02-13 04:19:01.946] [exthost] [info] ExtensionService#_doActivateExtension ecmel.vscode-html-css, startup: true, activationEvent: '*'
[2022-02-13 04:19:01.966] [exthost] [info] ExtensionService#_doActivateExtension mhutchie.git-graph, startup: true, activationEvent: '*'
[2022-02-13 04:19:01.989] [exthost] [info] ExtensionService#_doActivateExtension reduckted.vscode-gitweblinks, startup: true, activationEvent: '*'
[2022-02-13 04:19:02.127] [exthost] [info] ExtensionService#_doActivateExtension vscode.git, startup: true, activationEvent: '*'
[2022-02-13 04:19:02.147] [exthost] [info] ExtensionService#_doActivateExtension vscode.github, startup: true, activationEvent: '*'
[2022-02-13 04:19:02.274] [exthost] [info] Eager extensions activated
[2022-02-13 04:19:02.978] [exthost] [info] ExtensionService#_doActivateExtension vscode.emmet, startup: false, activationEvent: 'onStartupFinished'
[2022-02-13 04:19:02.987] [exthost] [info] ExtensionService#_doActivateExtension vscode.merge-conflict, startup: false, activationEvent: 'onStartupFinished'
[2022-02-13 04:19:02.990] [exthost] [info] ExtensionService#_doActivateExtension eamodio.gitlens, startup: false, activationEvent: 'onStartupFinished'
[2022-02-13 04:19:03.024] [exthost] [info] ExtensionService#_doActivateExtension esbenp.prettier-vscode, startup: false, activationEvent: 'onStartupFinished'
[2022-02-13 04:19:03.270] [exthost] [info] ExtensionService#_doActivateExtension felipecaputo.git-project-manager, startup: false, activationEvent: 'onStartupFinished'
[2022-02-13 04:19:03.298] [exthost] [info] ExtensionService#_doActivateExtension Gruntfuggly.todo-tree, startup: false, activationEvent: 'onStartupFinished'
[2022-02-13 04:20:04.022] [exthost] [info] ExtensionService#_doActivateExtension vscode.configuration-editing, startup: false, activationEvent: 'onLanguage:jsonc'
[2022-02-13 04:20:04.028] [exthost] [info] ExtensionService#_doActivateExtension vscode.json-language-features, startup: false, activationEvent: 'onLanguage:jsonc'
[2022-02-13 04:20:04.081] [exthost] [info] ExtensionService#_doActivateExtension vscode.typescript-language-features, startup: false, activationEvent: 'onLanguage:jsonc'
[2022-02-13 04:21:07.233] [exthost] [info] extension host terminating: renderer closed the socket
[2022-02-13 04:21:07.247] [exthost] [error] An error occurred when deactivating the subscriptions for extension 'Gruntfuggly.todo-tree':
[2022-02-13 04:21:07.251] [exthost] [error] Error: Encountered errors while disposing of store. Errors: [TypeError: o.dispose is not a function, TypeError: o.dispose is not a function]
	at v (/opt/vscodium-bin/resources/app/out/vs/workbench/services/extensions/node/extensionHostProcess.js:14:5039)
	at w._deactivate (/opt/vscodium-bin/resources/app/out/vs/workbench/services/extensions/node/extensionHostProcess.js:98:11899)
	at /opt/vscodium-bin/resources/app/out/vs/workbench/services/extensions/node/extensionHostProcess.js:98:10211
	at Array.map (<anonymous>)
	at w.deactivateAll (/opt/vscodium-bin/resources/app/out/vs/workbench/services/extensions/node/extensionHostProcess.js:98:10198)
	at p.terminate (/opt/vscodium-bin/resources/app/out/vs/workbench/services/extensions/node/extensionHostProcess.js:102:735)
	at s (/opt/vscodium-bin/resources/app/out/vs/workbench/services/extensions/node/extensionHostProcess.js:112:36448)
	at Socket.<anonymous> (/opt/vscodium-bin/resources/app/out/vs/workbench/services/extensions/node/extensionHostProcess.js:112:34061)
	at Socket.emit (events.js:327:22)
	at Pipe.<anonymous> (net.js:673:12)
[2022-02-13 04:21:07.256] [exthost] [info] Extension host with pid 2212 exiting with code 0
