[2022-02-13 04:21:11.586] [exthost] [info] Extension host with pid 3092 started
[2022-02-13 04:21:11.648] [exthost] [info] ExtensionService#_doActivateExtension vscode.debug-auto-launch, startup: true, activationEvent: '*'
[2022-02-13 04:21:11.650] [exthost] [info] ExtensionService#_doActivateExtension vscode.git-base, startup: true, activationEvent: '*', root cause: vscode.github
[2022-02-13 04:21:11.651] [exthost] [info] ExtensionService#_doActivateExtension ecmel.vscode-html-css, startup: true, activationEvent: '*'
[2022-02-13 04:21:11.665] [exthost] [info] ExtensionService#_doActivateExtension mhutchie.git-graph, startup: true, activationEvent: '*'
[2022-02-13 04:21:11.677] [exthost] [info] ExtensionService#_doActivateExtension reduckted.vscode-gitweblinks, startup: true, activationEvent: '*'
[2022-02-13 04:21:11.729] [exthost] [info] ExtensionService#_doActivateExtension vscode.git, startup: true, activationEvent: '*'
[2022-02-13 04:21:11.741] [exthost] [info] ExtensionService#_doActivateExtension vscode.github, startup: true, activationEvent: '*'
[2022-02-13 04:21:11.761] [exthost] [info] Eager extensions activated
[2022-02-13 04:21:11.777] [exthost] [info] ExtensionService#_doActivateExtension vscode.emmet, startup: false, activationEvent: 'onStartupFinished'
[2022-02-13 04:21:11.783] [exthost] [info] ExtensionService#_doActivateExtension vscode.merge-conflict, startup: false, activationEvent: 'onStartupFinished'
[2022-02-13 04:21:11.785] [exthost] [info] ExtensionService#_doActivateExtension eamodio.gitlens, startup: false, activationEvent: 'onStartupFinished'
[2022-02-13 04:21:11.809] [exthost] [info] ExtensionService#_doActivateExtension esbenp.prettier-vscode, startup: false, activationEvent: 'onStartupFinished'
[2022-02-13 04:21:12.068] [exthost] [info] ExtensionService#_doActivateExtension felipecaputo.git-project-manager, startup: false, activationEvent: 'onStartupFinished'
[2022-02-13 04:21:12.090] [exthost] [info] ExtensionService#_doActivateExtension Gruntfuggly.todo-tree, startup: false, activationEvent: 'onStartupFinished'
[2022-02-13 05:00:30.141] [exthost] [info] extension host terminating: renderer closed the socket
[2022-02-13 05:00:30.152] [exthost] [error] An error occurred when deactivating the subscriptions for extension 'Gruntfuggly.todo-tree':
[2022-02-13 05:00:30.156] [exthost] [error] Error: Encountered errors while disposing of store. Errors: [TypeError: o.dispose is not a function, TypeError: o.dispose is not a function]
	at v (/opt/vscodium-bin/resources/app/out/vs/workbench/services/extensions/node/extensionHostProcess.js:14:5039)
	at w._deactivate (/opt/vscodium-bin/resources/app/out/vs/workbench/services/extensions/node/extensionHostProcess.js:98:11899)
	at /opt/vscodium-bin/resources/app/out/vs/workbench/services/extensions/node/extensionHostProcess.js:98:10211
	at Array.map (<anonymous>)
	at w.deactivateAll (/opt/vscodium-bin/resources/app/out/vs/workbench/services/extensions/node/extensionHostProcess.js:98:10198)
	at p.terminate (/opt/vscodium-bin/resources/app/out/vs/workbench/services/extensions/node/extensionHostProcess.js:102:735)
	at s (/opt/vscodium-bin/resources/app/out/vs/workbench/services/extensions/node/extensionHostProcess.js:112:36448)
	at Socket.<anonymous> (/opt/vscodium-bin/resources/app/out/vs/workbench/services/extensions/node/extensionHostProcess.js:112:34061)
	at Socket.emit (events.js:327:22)
	at Pipe.<anonymous> (net.js:673:12)
[2022-02-13 05:00:30.157] [exthost] [info] Extension host with pid 3092 exiting with code 0
