2024-01-01 05:50:12,245::kawaii_player:main: DEBUG   - DejaVu Sans14
2024-01-01 05:50:12,251::stylesheet:apply_stylesheet: DEBUG   - min-height-box=height: 39px
2024-01-01 05:50:12,252::stylesheet:apply_stylesheet: DEBUG   - min-height-box=height: 39px
2024-01-01 05:50:12,252::stylesheet:apply_stylesheet: DEBUG   - min-height-box=height: 39px
2024-01-01 05:50:43,802::kawaii_player:update_video_dict_criteria: INFO    - {'anime': 'Anime', 'movies': 'Movies', 'tv shows': 'TV Shows', 'cartoons': 'Cartoons', 'others': 'Others'}::['Anime', 'Movies', 'TV Shows', 'Cartoons', 'Others']::--1808--
2024-01-01 05:50:43,812::kawaii_player:main: INFO    - [0, 0, 0, 0, 0]
2024-01-01 05:50:43,812::kawaii_player:main: INFO    - [0, 0, 0]
2024-01-01 05:50:43,812::kawaii_player:main: DEBUG   - fs=False
2024-01-01 05:50:43,812::kawaii_player:main: DEBUG   - #BROWSER_BACKEND=QTWEBENGINE,QTWEBKIT
2024-01-01 05:50:43,812::kawaii_player:main: DEBUG   - #GET_LIBRARY=pycurl,curl,wget
2024-01-01 05:50:43,813::kawaii_player:main: DEBUG   - #IMAGE_FIT_OPTION=0-9
2024-01-01 05:50:43,813::kawaii_player:main: DEBUG   - #YTDL_PATH=default,automatic
2024-01-01 05:50:43,813::kawaii_player:main: INFO    - mpv_conf: False
2024-01-01 05:50:43,813::kawaii_player:main: DEBUG   - #THEME=default,system,dark
2024-01-01 05:50:43,813::kawaii_player:main: DEBUG   - #EXTRA_PLAYERS=vlc,kodi etc..
2024-01-01 05:50:43,813::kawaii_player:main: DEBUG   - #GLOBAL_FONT=Name of Font
2024-01-01 05:50:43,813::kawaii_player:main: DEBUG   - #THUMBNAIL_TEXT_COLOR/LIST_TEXT_COLOR=red,green,blue,yellow, gray,white,black,cyan,magenta,darkgray,lightgray,darkred, darkblue,darkyellow,transparent
2024-01-01 05:50:43,813::kawaii_player:main: DEBUG   - #For Dark Theme, use lightgray, if white color looks bright
2024-01-01 05:50:43,816::kawaii_player:main: DEBUG   - DejaVu Sans14
2024-01-01 05:50:43,822::stylesheet:apply_stylesheet: DEBUG   - min-height-box=height: 39px
2024-01-01 05:50:43,823::stylesheet:apply_stylesheet: DEBUG   - min-height-box=height: 39px
2024-01-01 05:50:43,823::stylesheet:apply_stylesheet: DEBUG   - min-height-box=height: 39px
